#
# There is insufficient memory for the Java Runtime Environment to continue.
# Native memory allocation (mmap) failed to map 260046848 bytes. Error detail: G1 virtual space
# Possible reasons:
#   The system is out of physical RAM or swap space
#   This process is running with CompressedOops enabled, and the Java Heap may be blocking the growth of the native heap
# Possible solutions:
#   Reduce memory load on the system
#   Increase physical memory or swap space
#   Check if swap backing store is full
#   Decrease Java heap size (-Xmx/-Xms)
#   Decrease number of Java threads
#   Decrease Java thread stack sizes (-Xss)
#   Set larger code cache with -XX:ReservedCodeCacheSize=
#   JVM is running with Zero Based Compressed Oops mode in which the Java heap is
#     placed in the first 32GB address space. The Java Heap base address is the
#     maximum limit for the native heap growth. Please use -XX:HeapBaseMinAddress
#     to set the Java Heap base and to place the Java Heap above 32GB virtual address.
# This output file may be truncated or incomplete.
#
#  Out of Memory Error (os_windows.cpp:3703), pid=3444, tid=10828
#
# JRE version:  (23.0+37) (build )
# Java VM: Java HotSpot(TM) 64-Bit Server VM (23+37-2369, mixed mode, sharing, tiered, compressed oops, compressed class ptrs, g1 gc, windows-amd64)
# No core dump will be written. Minidumps are not enabled by default on client versions of Windows
#

---------------  S U M M A R Y ------------

Command Line: -javaagent:C:\Users\Naveenbharathi.V\AppData\Local\JetBrains\IntelliJ IDEA Community Edition 2024.2.3\lib\idea_rt.jar=53164:C:\Users\Naveenbharathi.V\AppData\Local\JetBrains\IntelliJ IDEA Community Edition 2024.2.3\bin -Dfile.encoding=UTF-8 -Dsun.stdout.encoding=UTF-8 -Dsun.stderr.encoding=UTF-8 -agentpath:C:\Program Files\Palo Alto Networks\Traps\cyjagent.dll assignment.oct14.StringTraversing

Host: 11th Gen Intel(R) Core(TM) i5-1135G7 @ 2.40GHz, 8 cores, 15G,  Windows 10 , 64 bit Build 19041 (10.0.19041.4842)
Time: Mon Oct 14 12:43:51 2024 India Standard Time elapsed time: 0.036597 seconds (0d 0h 0m 0s)

---------------  T H R E A D  ---------------

Current thread (0x0000020444d94e50):  JavaThread "Unknown thread" [_thread_in_vm, id=10828, stack(0x0000001f98e00000,0x0000001f98f00000) (1024K)]

Stack: [0x0000001f98e00000,0x0000001f98f00000]
Native frames: (J=compiled Java code, j=interpreted, Vv=VM code, C=native code)
V  [jvm.dll+0x6e08a9]  (no source info available)
V  [jvm.dll+0x87da63]  (no source info available)
V  [jvm.dll+0x87feee]  (no source info available)
V  [jvm.dll+0x8805c3]  (no source info available)
V  [jvm.dll+0x27aee6]  (no source info available)
V  [jvm.dll+0x6dd1b5]  (no source info available)
V  [jvm.dll+0x6d103a]  (no source info available)
V  [jvm.dll+0x35b3ea]  (no source info available)
V  [jvm.dll+0x3637f6]  (no source info available)
V  [jvm.dll+0x34fd5e]  (no source info available)
V  [jvm.dll+0x34fff8]  (no source info available)
V  [jvm.dll+0x3289cc]  (no source info available)
V  [jvm.dll+0x32966e]  (no source info available)
V  [jvm.dll+0x8442e5]  (no source info available)
V  [jvm.dll+0x3b9848]  (no source info available)
V  [jvm.dll+0x82d0dc]  (no source info available)
V  [jvm.dll+0x454d4e]  (no source info available)
V  [jvm.dll+0x456bd1]  (no source info available)
C  [cyvrtrap.dll+0xfb23]  (no source info available)
C  [jli.dll+0x52a3]  (no source info available)
C  [ucrtbase.dll+0x21bb2]  (no source info available)
C  [cyinjct.dll+0x11e7]  (no source info available)
C  [KERNEL32.DLL+0x17374]  (no source info available)
C  [ntdll.dll+0x4cc91]  (no source info available)

Lock stack of current Java thread (top to bottom):


---------------  P R O C E S S  ---------------

Threads class SMR info:
_java_thread_list=0x00007ff96a883618, length=0, elements={
}

Java Threads: ( => current thread )
Total: 0

Other Threads:
  0x00000204475bf330 WorkerThread "GC Thread#0"                     [id=10452, stack(0x0000001f98f00000,0x0000001f99000000) (1024K)]
  0x00000204475d3870 ConcurrentGCThread "G1 Main Marker"            [id=148, stack(0x0000001f99000000,0x0000001f99100000) (1024K)]
  0x00000204475d5e10 WorkerThread "G1 Conc#0"                       [id=16672, stack(0x0000001f99100000,0x0000001f99200000) (1024K)]

[error occurred during error reporting (printing all threads), id 0xc0000005, EXCEPTION_ACCESS_VIOLATION (0xc0000005) at pc=0x00007ff969fcbfba]
VM state: not at safepoint (not fully initialized)

VM Mutex/Monitor currently owned by a thread:  ([mutex/lock_event])
[0x00007ff96a903a10] Heap_lock - owner thread: 0x0000020444d94e50

Heap address: 0x0000000709600000, size: 3946 MB, Compressed Oops mode: Zero based, Oop shift amount: 3

CDS archive(s) mapped at: [0x0000000000000000-0x0000000000000000-0x0000000000000000), size 0, SharedBaseAddress: 0x0000000800000000, ArchiveRelocationMode: 1.
Narrow klass base: 0x0000000000000000, Narrow klass shift: 0, Narrow klass range: 0x0

GC Precious Log:
 CardTable entry size: 512
 Card Set container configuration: InlinePtr #cards 4 size 8 Array Of Cards #cards 16 size 48 Howl #buckets 8 coarsen threshold 3686 Howl Bitmap #cards 512 size 80 coarsen threshold 460 Card regions per heap region 1 cards per card region 4096

Heap:
 garbage-first heap   total reserved 4040704K, committed 0K, used 0K [0x0000000709600000, 0x0000000800000000)
  region size 2048K, 0 young (0K), 0 survivors (0K)

[error occurred during error reporting (printing heap information), id 0xc0000005, EXCEPTION_ACCESS_VIOLATION (0xc0000005) at pc=0x00007ff96a3cc3b9]
GC Heap History (0 events):
No events

Dll operation events (1 events):
Event: 0.025 Loaded shared library C:\Program Files\Java\jdk-23\bin\java.dll

Deoptimization events (0 events):
No events

Classes loaded (0 events):
No events

Classes unloaded (0 events):
No events

Classes redefined (0 events):
No events

Internal exceptions (0 events):
No events

VM Operations (0 events):
No events

Memory protections (0 events):
No events

Nmethod flushes (0 events):
No events

Events (0 events):
No events


Dynamic libraries:
0x00007ff76e230000 - 0x00007ff76e240000 	C:\Program Files\Java\jdk-23\bin\java.exe
0x00007ff9db9d0000 - 0x00007ff9dbbc8000 	C:\Windows\SYSTEM32\ntdll.dll
0x00007ff9db720000 - 0x00007ff9db7e1000 	C:\Windows\System32\KERNEL32.DLL
0x00007ff9db420000 - 0x00007ff9db71d000 	C:\Windows\System32\KERNELBASE.dll
0x0000000073e00000 - 0x0000000073e3c000 	C:\Windows\System32\cyinjct.dll
0x00007ff9db2a0000 - 0x00007ff9db2a9000 	C:\Windows\System32\ntnativeapi.dll
0x00007ff9cdc10000 - 0x00007ff9cdc27000 	C:\Program Files\Java\jdk-23\bin\jli.dll
0x0000020444e50000 - 0x0000020444fed000 	C:\Windows\System32\USER32.dll
0x00007ff9d9170000 - 0x00007ff9d9192000 	C:\Windows\System32\win32u.dll
0x00007ff9da9d0000 - 0x00007ff9da9fb000 	C:\Windows\System32\GDI32.dll
0x00007ff9d9240000 - 0x00007ff9d9357000 	C:\Windows\System32\gdi32full.dll
0x00007ff9d91a0000 - 0x00007ff9d923d000 	C:\Windows\System32\msvcp_win.dll
0x0000020444ff0000 - 0x00000204450f0000 	C:\Windows\System32\ucrtbase.dll
0x00007ff9cc8a0000 - 0x00007ff9cc8bb000 	C:\Program Files\Java\jdk-23\bin\VCRUNTIME140.dll
0x00007ff9d8420000 - 0x00007ff9d86ba000 	C:\Windows\WinSxS\amd64_microsoft.windows.common-controls_6595b64144ccf1df_6.0.19041.4355_none_60b8b9eb71f62e16\COMCTL32.dll
0x00007ff9daba0000 - 0x00007ff9dac3e000 	C:\Windows\System32\msvcrt.dll
0x00007ff9db280000 - 0x00007ff9db29e000 	C:\Windows\System32\cyvera.dll
0x00007ff9db200000 - 0x00007ff9db275000 	C:\Windows\System32\cyvrtrap.dll
0x00007ff9da260000 - 0x00007ff9da28f000 	C:\Windows\System32\IMM32.DLL
0x0000000063350000 - 0x00000000633c2000 	C:\Windows\System32\QIPCAP64.dll
0x00007ff9d9700000 - 0x00007ff9d9e6f000 	C:\Windows\System32\SHELL32.dll
0x00007ff9da4a0000 - 0x00007ff9da550000 	C:\Windows\System32\ADVAPI32.dll
0x00007ff9da020000 - 0x00007ff9da0c0000 	C:\Windows\System32\sechost.dll
0x00007ff9db2f0000 - 0x00007ff9db413000 	C:\Windows\System32\RPCRT4.dll
0x00007ff9d95a0000 - 0x00007ff9d95c7000 	C:\Windows\System32\bcrypt.dll
0x00007ff9d7cc0000 - 0x00007ff9d7d8a000 	C:\Windows\SYSTEM32\DNSAPI.dll
0x00007ff9d7c70000 - 0x00007ff9d7cab000 	C:\Windows\SYSTEM32\IPHLPAPI.DLL
0x00007ff9da380000 - 0x00007ff9da388000 	C:\Windows\System32\NSI.dll
0x00007ff9ce250000 - 0x00007ff9ce25c000 	C:\Program Files\Java\jdk-23\bin\vcruntime140_1.dll
0x00007ff98f150000 - 0x00007ff98f1de000 	C:\Program Files\Java\jdk-23\bin\msvcp140.dll
0x00007ff969c90000 - 0x00007ff96a9df000 	C:\Program Files\Java\jdk-23\bin\server\jvm.dll
0x00007ff9da3b0000 - 0x00007ff9da41b000 	C:\Windows\System32\WS2_32.dll
0x00007ff9d8b40000 - 0x00007ff9d8b8b000 	C:\Windows\SYSTEM32\POWRPROF.dll
0x00007ff9c9db0000 - 0x00007ff9c9dd7000 	C:\Windows\SYSTEM32\WINMM.dll
0x00007ff9d6a80000 - 0x00007ff9d6a8a000 	C:\Windows\SYSTEM32\VERSION.dll
0x00007ff9d8870000 - 0x00007ff9d8882000 	C:\Windows\SYSTEM32\UMPDC.dll
0x00007ff9d6610000 - 0x00007ff9d6622000 	C:\Windows\SYSTEM32\kernel.appcore.dll
0x00007ff9cc890000 - 0x00007ff9cc89a000 	C:\Program Files\Java\jdk-23\bin\jimage.dll
0x00007ff9d88d0000 - 0x00007ff9d8ab4000 	C:\Windows\SYSTEM32\DBGHELP.DLL
0x00007ff9d8890000 - 0x00007ff9d88c4000 	C:\Windows\SYSTEM32\dbgcore.DLL
0x00007ff9d93b0000 - 0x00007ff9d9432000 	C:\Windows\System32\bcryptPrimitives.dll
0x00007ff9cc860000 - 0x00007ff9cc86f000 	C:\Program Files\Java\jdk-23\bin\instrument.dll
0x00007ff9cc870000 - 0x00007ff9cc88e000 	C:\Program Files\Java\jdk-23\bin\java.dll
0x00007ff9daa00000 - 0x00007ff9dab2b000 	C:\Windows\System32\ole32.dll
0x0000020446e30000 - 0x0000020447183000 	C:\Windows\System32\combase.dll
0x00007ff9db1c0000 - 0x00007ff9db1f7000 	C:\Program Files\Palo Alto Networks\Traps\cyjagent.dll

dbghelp: loaded successfully - version: 4.0.5 - missing functions: none
symbol engine: initialized successfully - sym options: 0x614 - pdb path: .;C:\Program Files\Java\jdk-23\bin;C:\Windows\SYSTEM32;C:\Windows\WinSxS\amd64_microsoft.windows.common-controls_6595b64144ccf1df_6.0.19041.4355_none_60b8b9eb71f62e16;C:\Program Files\Java\jdk-23\bin\server;C:\Program Files\Palo Alto Networks\Traps

VM Arguments:
jvm_args: -javaagent:C:\Users\Naveenbharathi.V\AppData\Local\JetBrains\IntelliJ IDEA Community Edition 2024.2.3\lib\idea_rt.jar=53164:C:\Users\Naveenbharathi.V\AppData\Local\JetBrains\IntelliJ IDEA Community Edition 2024.2.3\bin -Dfile.encoding=UTF-8 -Dsun.stdout.encoding=UTF-8 -Dsun.stderr.encoding=UTF-8 -agentpath:C:\Program Files\Palo Alto Networks\Traps\cyjagent.dll 
java_command: assignment.oct14.StringTraversing
java_class_path (initial): C:\Users\Naveenbharathi.V\IdeaProjects\dsa\out\production\dsa
Launcher Type: SUN_STANDARD

[Global flags]
     intx CICompilerCount                          = 4                                         {product} {ergonomic}
     uint ConcGCThreads                            = 2                                         {product} {ergonomic}
     uint G1ConcRefinementThreads                  = 8                                         {product} {ergonomic}
   size_t G1HeapRegionSize                         = 2097152                                   {product} {ergonomic}
   size_t InitialHeapSize                          = 260046848                                 {product} {ergonomic}
   size_t MarkStackSize                            = 4194304                                   {product} {ergonomic}
   size_t MarkStackSizeMax                         = 536870912                                 {product} {ergonomic}
   size_t MaxHeapSize                              = 4137680896                                {product} {ergonomic}
   size_t MinHeapDeltaBytes                        = 2097152                                   {product} {ergonomic}
   size_t MinHeapSize                              = 8388608                                   {product} {ergonomic}
    uintx NonNMethodCodeHeapSize                   = 5832704                                {pd product} {ergonomic}
    uintx NonProfiledCodeHeapSize                  = 122945536                              {pd product} {ergonomic}
    uintx ProfiledCodeHeapSize                     = 122880000                              {pd product} {ergonomic}
    uintx ReservedCodeCacheSize                    = 251658240                              {pd product} {ergonomic}
     bool SegmentedCodeCache                       = true                                      {product} {ergonomic}
   size_t SoftMaxHeapSize                          = 4137680896                             {manageable} {ergonomic}
     bool UseCompressedOops                        = true                           {product lp64_product} {ergonomic}
     bool UseG1GC                                  = true                                      {product} {ergonomic}
     bool UseLargePagesIndividualAllocation        = false                                  {pd product} {ergonomic}

Logging:
Log output configuration:
 #0: stdout all=warning uptime,level,tags foldmultilines=false
 #1: stderr all=off uptime,level,tags foldmultilines=false

Environment Variables:
PATH=C:\Program Files\Common Files\Oracle\Java\javapath;C:\Windows\system32;C:\Windows;C:\Windows\System32\Wbem;C:\Windows\System32\WindowsPowerShell\v1.0\;C:\Windows\System32\OpenSSH\;C:\Program Files\dotnet\;C:\Program Files\PuTTY\;C:\Users\Naveenbharathi.V\AppData\Local\Microsoft\WindowsApps;
USERNAME=Naveenbharathi.V
OS=Windows_NT
PROCESSOR_IDENTIFIER=Intel64 Family 6 Model 140 Stepping 1, GenuineIntel
TMP=C:\Users\NAVEEN~1.V\AppData\Local\Temp
TEMP=C:\Users\NAVEEN~1.V\AppData\Local\Temp




Periodic native trim disabled

---------------  S Y S T E M  ---------------

OS:
 Windows 10 , 64 bit Build 19041 (10.0.19041.4842)
OS uptime: 2 days 22:19 hours
Hyper-V role detected

CPU: total 8 (initial active 8) (4 cores per cpu, 2 threads per core) family 6 model 140 stepping 1 microcode 0xa4, cx8, cmov, fxsr, ht, mmx, 3dnowpref, sse, sse2, sse3, ssse3, sse4.1, sse4.2, popcnt, lzcnt, tsc, tscinvbit, avx, avx2, aes, erms, clmul, bmi1, bmi2, adx, avx512f, avx512dq, avx512cd, avx512bw, avx512vl, sha, fma, vzeroupper, avx512_vpopcntdq, avx512_vpclmulqdq, avx512_vaes, avx512_vnni, clflush, clflushopt, clwb, avx512_vbmi2, avx512_vbmi, hv, rdtscp, rdpid, fsrm, gfni, avx512_bitalg, f16c, cet_ibt, cet_ss, avx512_ifma
Processor Information for the first 8 processors :
  Max Mhz: 1382, Current Mhz: 1382, Mhz Limit: 1382

Memory: 4k page, system-wide physical 15781M (221M free)
TotalPageFile size 46226M (AvailPageFile size 66M)
current process WorkingSet (physical memory assigned to process): 14M, peak: 14M
current process commit charge ("private bytes"): 64M, peak: 312M

vm_info: Java HotSpot(TM) 64-Bit Server VM (23+37-2369) for windows-amd64 JRE (23+37-2369), built on 2024-08-20T16:01:23Z with MS VC++ 17.6 (VS2022)

END.
